<?xml version="1.0" encoding="UTF-8"?>
<!-- Generated by org.testng.reporters.JUnitXMLReporter -->
<testsuite ignored="0" hostname="DELLi310GEN" failures="1" tests="22" name="StockItems Module" time="149.444" errors="0" timestamp="2023-11-19T11:25:11 IST">
  <testcase classname="automationScripts.StockItemsModule" name="TC12_CreateNewStockItem" time="2.845"/>
  <testcase classname="automationScripts.StockItemsModule" name="TC13_CreateNewStockCategory" time="1.813"/>
  <testcase classname="automationScripts.StockItemsModule" name="TC13_CreateNewStockCategory" time="1.978"/>
  <testcase classname="automationScripts.StockItemsModule" name="TC13_CreateNewStockCategory" time="2.102"/>
  <testcase classname="automationScripts.StockItemsModule" name="TC14_CreateNewUOM" time="1.84"/>
  <testcase classname="automationScripts.StockItemsModule" name="TC14_CreateNewUOM" time="1.843"/>
  <testcase classname="automationScripts.StockItemsModule" name="TC14_CreateNewUOM" time="1.898"/>
  <testcase classname="automationScripts.StockItemsModule" name="TC15_StockItemSimpleSearch" time="1.754"/>
  <testcase classname="automationScripts.StockItemsModule" name="TC16_StockItemAdvancedSearch" time="2.466"/>
  <testcase classname="automationScripts.StockItemsModule" name="TC17_UpdateTheStockItem" time="3.082"/>
  <testcase classname="automationScripts.StockItemsModule" name="TC18_DeleteTheStockItem" time="1.748"/>
  <testcase classname="automationScripts.StockItemsModule" name="TC19_DeleteMultipleStockItem" time="2.005"/>
  <testcase classname="automationScripts.StockItemsModule" name="TC20_CreateSearchFilter" time="2.209"/>
  <testcase classname="automationScripts.StockItemsModule" name="TC21_DeleteSearchFilter" time="1.159">
    <failure type="java.lang.AssertionError" message="expected [false] but found [true]">
      <![CDATA[java.lang.AssertionError: expected [false] but found [true]
at automationScripts.StockItemsModule.TC21_DeleteSearchFilter(StockItemsModule.java:338)
at java.base/java.util.ArrayList.forEach(ArrayList.java:1511)
... Removed 31 stack frames]]>
    </failure>
  </testcase> <!-- TC21_DeleteSearchFilter -->
  <testcase classname="automationScripts.StockItemsModule" name="TC22_ExportStockItemsInAWordFormat" time="1.254"/>
  <testcase classname="automationScripts.StockItemsModule" name="TC23_ExportStockItemsInAExcelFormat" time="1.146"/>
  <testcase classname="automationScripts.StockItemsModule" name="TC24_ExportStockItemsPrintOption" time="1.051"/>
  <testcase classname="automationScripts.StockItemsModule" name="TC26_ExportStockItemsInCSVFormat" time="8.532"/>
  <testcase classname="automationScripts.StockItemsModule" name="TC27_ExportStockItemsInXMLFormat" time="1.053"/>
  <testcase classname="automationScripts.StockItemsModule" name="TC28_ExportStockItemsInHTMLFormat" time="0.991"/>
  <testcase classname="automationScripts.StockItemsModule" name="TC29_VerifyUserIsAbleToSetThePageSize" time="1.288"/>
  <testcase classname="automationScripts.StockItemsModule" name="TC30_VerifyUserIsAbleToNavigateToNextPage" time="1.239"/>
</testsuite> <!-- StockItems Module -->
