<?xml version="1.0" encoding="UTF-8"?>
<!-- Generated by org.testng.reporters.JUnitReportReporter -->
<testsuite hostname="DELLi310GEN" failures="1" tests="22" name="automationScripts.StockItemsModule" time="149.240" errors="0" timestamp="2023-11-19T11:25:12 IST" skipped="0">
  <testcase classname="automationScripts.StockItemsModule" name="TC30_VerifyUserIsAbleToNavigateToNextPage" time="5.749"/>
  <system-out/>
  <testcase classname="automationScripts.StockItemsModule" name="TC14_CreateNewUOM" time="6.401"/>
  <system-out/>
  <testcase classname="automationScripts.StockItemsModule" name="TC19_DeleteMultipleStockItem" time="6.636"/>
  <system-out/>
  <testcase classname="automationScripts.StockItemsModule" name="TC17_UpdateTheStockItem" time="7.809"/>
  <system-out/>
  <testcase classname="automationScripts.StockItemsModule" name="TC20_CreateSearchFilter" time="7.034"/>
  <system-out/>
  <testcase classname="automationScripts.StockItemsModule" name="TC23_ExportStockItemsInAExcelFormat" time="5.740"/>
  <system-out/>
  <testcase classname="automationScripts.StockItemsModule" name="TC15_StockItemSimpleSearch" time="6.354"/>
  <system-out/>
  <testcase classname="automationScripts.StockItemsModule" name="TC16_StockItemAdvancedSearch" time="7.803"/>
  <system-out/>
  <testcase classname="automationScripts.StockItemsModule" name="TC24_ExportStockItemsPrintOption" time="5.832"/>
  <system-out/>
  <testcase classname="automationScripts.StockItemsModule" name="TC14_CreateNewUOM" time="6.615"/>
  <system-out/>
  <testcase classname="automationScripts.StockItemsModule" name="TC13_CreateNewStockCategory" time="6.670"/>
  <system-out/>
  <testcase classname="automationScripts.StockItemsModule" name="TC28_ExportStockItemsInHTMLFormat" time="5.637"/>
  <system-out/>
  <testcase classname="automationScripts.StockItemsModule" name="TC12_CreateNewStockItem" time="8.213"/>
  <system-out/>
  <testcase classname="automationScripts.StockItemsModule" name="TC14_CreateNewUOM" time="6.291"/>
  <system-out/>
  <testcase classname="automationScripts.StockItemsModule" name="TC13_CreateNewStockCategory" time="6.480"/>
  <system-out/>
  <testcase classname="automationScripts.StockItemsModule" name="TC22_ExportStockItemsInAWordFormat" time="6.044"/>
  <system-out/>
  <testcase classname="automationScripts.StockItemsModule" name="TC21_DeleteSearchFilter" time="6.196">
    <failure message="expected [false] but found [true]" type="java.lang.AssertionError">
      <![CDATA[java.lang.AssertionError: expected [false] but found [true]
at org.testng.Assert.fail(Assert.java:110)
at org.testng.Assert.failNotEquals(Assert.java:1577)
at org.testng.Assert.assertFalse(Assert.java:78)
at org.testng.Assert.assertFalse(Assert.java:88)
at automationScripts.StockItemsModule.TC21_DeleteSearchFilter(StockItemsModule.java:338)
at java.base/jdk.internal.reflect.NativeMethodAccessorImpl.invoke0(Native Method)
at java.base/jdk.internal.reflect.NativeMethodAccessorImpl.invoke(NativeMethodAccessorImpl.java:78)
at java.base/jdk.internal.reflect.DelegatingMethodAccessorImpl.invoke(DelegatingMethodAccessorImpl.java:43)
at java.base/java.lang.reflect.Method.invoke(Method.java:567)
at org.testng.internal.invokers.MethodInvocationHelper.invokeMethod(MethodInvocationHelper.java:139)
at org.testng.internal.invokers.TestInvoker.invokeMethod(TestInvoker.java:677)
at org.testng.internal.invokers.TestInvoker.invokeTestMethod(TestInvoker.java:221)
at org.testng.internal.invokers.MethodRunner.runInSequence(MethodRunner.java:50)
at org.testng.internal.invokers.TestInvoker$MethodInvocationAgent.invoke(TestInvoker.java:969)
at org.testng.internal.invokers.TestInvoker.invokeTestMethods(TestInvoker.java:194)
at org.testng.internal.invokers.TestMethodWorker.invokeTestMethods(TestMethodWorker.java:148)
at org.testng.internal.invokers.TestMethodWorker.run(TestMethodWorker.java:128)
at java.base/java.util.ArrayList.forEach(ArrayList.java:1511)
at org.testng.TestRunner.privateRun(TestRunner.java:829)
at org.testng.TestRunner.run(TestRunner.java:602)
at org.testng.SuiteRunner.runTest(SuiteRunner.java:437)
at org.testng.SuiteRunner.runSequentially(SuiteRunner.java:431)
at org.testng.SuiteRunner.privateRun(SuiteRunner.java:391)
at org.testng.SuiteRunner.run(SuiteRunner.java:330)
at org.testng.SuiteRunnerWorker.runSuite(SuiteRunnerWorker.java:52)
at org.testng.SuiteRunnerWorker.run(SuiteRunnerWorker.java:95)
at org.testng.TestNG.runSuitesSequentially(TestNG.java:1256)
at org.testng.TestNG.runSuitesLocally(TestNG.java:1176)
at org.testng.TestNG.runSuites(TestNG.java:1099)
at org.testng.TestNG.run(TestNG.java:1067)
at org.testng.remote.AbstractRemoteTestNG.run(AbstractRemoteTestNG.java:115)
at org.testng.remote.RemoteTestNG.initAndRun(RemoteTestNG.java:251)
at org.testng.remote.RemoteTestNG.main(RemoteTestNG.java:77)
]]>
    </failure>
  </testcase> <!-- TC21_DeleteSearchFilter -->
  <system-out/>
  <testcase classname="automationScripts.StockItemsModule" name="TC18_DeleteTheStockItem" time="6.569"/>
  <system-out/>
  <testcase classname="automationScripts.StockItemsModule" name="TC29_VerifyUserIsAbleToSetThePageSize" time="5.905"/>
  <system-out/>
  <testcase classname="automationScripts.StockItemsModule" name="TC13_CreateNewStockCategory" time="6.619"/>
  <system-out/>
  <testcase classname="automationScripts.StockItemsModule" name="TC27_ExportStockItemsInXMLFormat" time="5.557"/>
  <system-out/>
  <testcase classname="automationScripts.StockItemsModule" name="TC26_ExportStockItemsInCSVFormat" time="13.086"/>
  <system-out/>
</testsuite> <!-- automationScripts.StockItemsModule -->
